ICDB server [info]: Starting [Autosave] backup process
ICDB server [info]: [AutoSave] backup of size [55.0 kB] created successfully in location [F:\CAPV\OneDrive\Proyectos\Manicato Group\Smart-HVAC\MG-Smart-HVAC\MG-Smart-HVAC\Smart-HVAC_netlist\ProjectBackup\backups\2018-04-03 20.11.06 - auto.zip]
ICDB server [critical]: Server stopping: Requesting emergency server stop: System goes to SLEEP<!#!><severity>3</severity>
ICDB server [critical]: Server stopping: Requesting emergency server stop: System goes to SLEEP<!#!><severity>3</severity>
ICDB server [info]: Starting [Autosave] backup process
ICDB server [info]: [AutoSave] backup of size [87.4 kB] created successfully in location [F:\CAPV\OneDrive\Proyectos\Manicato Group\Smart-HVAC\MG-Smart-HVAC\MG-Smart-HVAC\Smart-HVAC_netlist\ProjectBackup\backups\2018-04-05 16.41.41 - auto.zip]
ICDB server [info]: Starting [SymbolUpdate] backup process
ICDB server [info]: [Symbol Update] backup of size [95.0 kB] created successfully in location [F:\CAPV\OneDrive\Proyectos\Manicato Group\Smart-HVAC\MG-Smart-HVAC\MG-Smart-HVAC\Smart-HVAC_netlist\ProjectBackup\backups\2018-04-05 19.06.07 - symUpd.zip]
ICDB server [info]: Starting [SymbolUpdate] backup process
ICDB server [info]: [Symbol Update] backup of size [95.5 kB] created successfully in location [F:\CAPV\OneDrive\Proyectos\Manicato Group\Smart-HVAC\MG-Smart-HVAC\MG-Smart-HVAC\Smart-HVAC_netlist\ProjectBackup\backups\2018-04-05 19.07.07 - symUpd.zip]
ICDB server [info]: Starting [SymbolUpdate] backup process
ICDB server [info]: [Symbol Update] backup of size [98.8 kB] created successfully in location [F:\CAPV\OneDrive\Proyectos\Manicato Group\Smart-HVAC\MG-Smart-HVAC\MG-Smart-HVAC\Smart-HVAC_netlist\ProjectBackup\backups\2018-04-05 19.50.38 - symUpd.zip]
ICDB server [info]: Starting [Autosave] backup process
ICDB server [info]: [AutoSave] backup of size [132.5 kB] created successfully in location [F:\CAPV\OneDrive\Proyectos\Manicato Group\Smart-HVAC\MG-Smart-HVAC\MG-Smart-HVAC\Smart-HVAC_netlist\ProjectBackup\backups\2018-04-06 18.58.50 - auto.zip]
ICDB server [critical]: Server stopping: Requesting emergency server stop: System goes to SLEEP<!#!><severity>3</severity>
ICDB server [info]: Starting [SymbolUpdate] backup process
ICDB server [info]: [Symbol Update] backup of size [139.0 kB] created successfully in location [F:\CAPV\OneDrive\Proyectos\Manicato Group\Smart-HVAC\MG-Smart-HVAC\MG-Smart-HVAC\Smart-HVAC_netlist\ProjectBackup\backups\2018-04-09 11.23.11 - symUpd.zip]
ICDB server [info]: Starting [Autosave] backup process
ICDB server [info]: [AutoSave] backup of size [340.7 kB] created successfully in location [F:\CAPV\OneDrive\Proyectos\Manicato Group\Smart-HVAC\MG-Smart-HVAC\MG-Smart-HVAC\Smart-HVAC_netlist\ProjectBackup\backups\2018-04-09 18.26.05 - auto.zip]
ICDB server [info]: Starting [Autosave] backup process
ICDB server [info]: [AutoSave] backup of size [376.0 kB] created successfully in location [F:\CAPV\OneDrive\Proyectos\Manicato Group\Smart-HVAC\MG-Smart-HVAC\MG-Smart-HVAC\Smart-HVAC_netlist\ProjectBackup\backups\2018-04-09 22.26.05 - auto.zip]
ICDB server [info]: Starting [Autosave] backup process
ICDB server [info]: [AutoSave] backup of size [375.5 kB] created successfully in location [F:\CAPV\OneDrive\Proyectos\Manicato Group\Smart-HVAC\MG-Smart-HVAC\MG-Smart-HVAC\Smart-HVAC_netlist\ProjectBackup\backups\2018-04-10 02.26.05 - auto.zip]
ICDB server [critical]: Server stopping: Requesting emergency server stop: System goes to SLEEP<!#!><severity>3</severity>
ICDB server [info]: Starting [Autosave] backup process
ICDB server [info]: [AutoSave] backup of size [386.8 kB] created successfully in location [F:\CAPV\OneDrive\Proyectos\Manicato Group\Smart-HVAC\MG-Smart-HVAC\MG-Smart-HVAC\Smart-HVAC_netlist\ProjectBackup\backups\2018-04-10 12.36.59 - auto.zip]
ICDB server [info]: Starting [SymbolUpdate] backup process
ICDB server [info]: [Symbol Update] backup of size [386.7 kB] created successfully in location [F:\CAPV\OneDrive\Proyectos\Manicato Group\Smart-HVAC\MG-Smart-HVAC\MG-Smart-HVAC\Smart-HVAC_netlist\ProjectBackup\backups\2018-04-10 15.49.00 - symUpd.zip]
ICDB server [info]: Starting [SymbolUpdate] backup process
ICDB server [info]: [Symbol Update] backup of size [391.9 kB] created successfully in location [F:\CAPV\OneDrive\Proyectos\Manicato Group\Smart-HVAC\MG-Smart-HVAC\MG-Smart-HVAC\Smart-HVAC_netlist\ProjectBackup\backups\2018-04-10 16.18.15 - symUpd.zip]
ICDB server [info]: Starting [SymbolUpdate] backup process
ICDB server [info]: [Symbol Update] backup of size [392.2 kB] created successfully in location [F:\CAPV\OneDrive\Proyectos\Manicato Group\Smart-HVAC\MG-Smart-HVAC\MG-Smart-HVAC\Smart-HVAC_netlist\ProjectBackup\backups\2018-04-10 16.23.56 - symUpd.zip]
ICDB server [info]: Starting [Autosave] backup process
ICDB server [info]: [AutoSave] backup of size [448.3 kB] created successfully in location [F:\CAPV\OneDrive\Proyectos\Manicato Group\Smart-HVAC\MG-Smart-HVAC\MG-Smart-HVAC\Smart-HVAC_netlist\ProjectBackup\backups\2018-04-10 16.36.59 - auto.zip]
ICDB server [info]: Starting [SymbolUpdate] backup process
ICDB server [info]: [Symbol Update] backup of size [448.6 kB] created successfully in location [F:\CAPV\OneDrive\Proyectos\Manicato Group\Smart-HVAC\MG-Smart-HVAC\MG-Smart-HVAC\Smart-HVAC_netlist\ProjectBackup\backups\2018-04-10 16.38.34 - symUpd.zip]
ICDB server [info]: Starting [SymbolUpdate] backup process
ICDB server [info]: [Symbol Update] backup of size [455.7 kB] created successfully in location [F:\CAPV\OneDrive\Proyectos\Manicato Group\Smart-HVAC\MG-Smart-HVAC\MG-Smart-HVAC\Smart-HVAC_netlist\ProjectBackup\backups\2018-04-10 17.04.09 - symUpd.zip]
ICDB server [info]: Starting [SymbolUpdate] backup process
ICDB server [info]: [Symbol Update] backup of size [472.0 kB] created successfully in location [F:\CAPV\OneDrive\Proyectos\Manicato Group\Smart-HVAC\MG-Smart-HVAC\MG-Smart-HVAC\Smart-HVAC_netlist\ProjectBackup\backups\2018-04-10 19.01.32 - symUpd.zip]
ICDB server [info]: Starting [SymbolUpdate] backup process
ICDB server [info]: [Symbol Update] backup of size [479.8 kB] created successfully in location [F:\CAPV\OneDrive\Proyectos\Manicato Group\Smart-HVAC\MG-Smart-HVAC\MG-Smart-HVAC\Smart-HVAC_netlist\ProjectBackup\backups\2018-04-10 19.13.21 - symUpd.zip]
ICDB server [info]: Starting [Autosave] backup process
ICDB server [info]: [AutoSave] backup of size [489.5 kB] created successfully in location [F:\CAPV\OneDrive\Proyectos\Manicato Group\Smart-HVAC\MG-Smart-HVAC\MG-Smart-HVAC\Smart-HVAC_netlist\ProjectBackup\backups\2018-04-10 22.31.30 - auto.zip]
ICDB server [info]: Starting [Autosave] backup process
ICDB server [info]: [AutoSave] backup of size [547.7 kB] created successfully in location [F:\CAPV\OneDrive\Proyectos\Manicato Group\Smart-HVAC\MG-Smart-HVAC\MG-Smart-HVAC\Smart-HVAC_netlist\ProjectBackup\backups\2018-04-11 02.31.30 - auto.zip]
ICDB server [critical]: Server stopping: Requesting emergency server stop: System goes to SLEEP<!#!><severity>3</severity>
ICDB server [info]: Starting [Autosave] backup process
ICDB server [info]: [AutoSave] backup of size [560.0 kB] created successfully in location [F:\CAPV\OneDrive\Proyectos\Manicato Group\Smart-HVAC\MG-Smart-HVAC\MG-Smart-HVAC\Smart-HVAC_netlist\ProjectBackup\backups\2018-04-11 07.47.19 - auto.zip]
ICDB server [info]: Starting [Autosave] backup process
ICDB server [info]: [AutoSave] backup of size [565.7 kB] created successfully in location [F:\CAPV\OneDrive\Proyectos\Manicato Group\Smart-HVAC\MG-Smart-HVAC\MG-Smart-HVAC\Smart-HVAC_netlist\ProjectBackup\backups\2018-04-11 14.54.37 - auto.zip]
ICDB server [critical]: Server stopping: Requesting emergency server stop: System goes to SLEEP<!#!><severity>3</severity>
ICDB server [critical]: Server stopping: Requesting emergency server stop: System goes to SLEEP<!#!><severity>3</severity>
ICDB server [info]: Starting [Autosave] backup process
ICDB server [info]: [AutoSave] backup of size [643.5 kB] created successfully in location [F:\CAPV\OneDrive\Proyectos\Manicato Group\Smart-HVAC\MG-Smart-HVAC\MG-Smart-HVAC\Smart-HVAC_netlist\ProjectBackup\backups\2018-04-11 18.54.37 - auto.zip]
ICDB server [critical]: Server stopping: Requesting emergency server stop: System goes to SLEEP<!#!><severity>3</severity>
ICDB server [info]: Starting [Autosave] backup process
ICDB server [info]: [AutoSave] backup of size [643.6 kB] created successfully in location [F:\CAPV\OneDrive\Proyectos\Manicato Group\Smart-HVAC\MG-Smart-HVAC\MG-Smart-HVAC\Smart-HVAC_netlist\ProjectBackup\backups\2018-04-12 09.58.03 - auto.zip]
ICDB server [info]: Starting [Autosave] backup process
ICDB server [info]: [AutoSave] backup of size [644.9 kB] created successfully in location [F:\CAPV\OneDrive\Proyectos\Manicato Group\Smart-HVAC\MG-Smart-HVAC\MG-Smart-HVAC\Smart-HVAC_netlist\ProjectBackup\backups\2018-04-12 13.58.03 - auto.zip]
DRC> Info : Reading Check definitions : 'c:/mentorgraphics\padsvx.2.3\sdd_home\standard\NetlistVerifyDefaults.ini' : OK
DRC> Reading GUI file 'c:/mentorgraphics\padsvx.2.3\sdd_home\standard\NetlistVerifyDefaults.ini'
DRC> Info : Reading Check definitions : 'c:/mentorgraphics\padsvx.2.3\sdd_home\standard\NetlistVerifyDefaults.ini' : OK
DRC> Reading GUI file 'c:/mentorgraphics\padsvx.2.3\sdd_home\standard\NetlistVerifyDefaults.ini'
DRC> Info : Reading Check definitions : 'c:/mentorgraphics\padsvx.2.3\sdd_home\standard\NetlistVerifyDefaults.ini' : OK
DRC> Reading GUI file 'c:/mentorgraphics\padsvx.2.3\sdd_home\standard\NetlistVerifyDefaults.ini'
ICDB server [info]: Starting [Autosave] backup process
ICDB server [info]: [AutoSave] backup of size [650.0 kB] created successfully in location [F:\CAPV\OneDrive\Proyectos\Manicato Group\Smart-HVAC\MG-Smart-HVAC\MG-Smart-HVAC\Smart-HVAC_netlist\ProjectBackup\backups\2018-04-13 23.47.37 - auto.zip]
DRC> Info : Reading Check definitions : 'c:/mentorgraphics\padsvx.2.3\sdd_home\standard\NetlistVerifyDefaults.ini' : OK
DRC> Reading GUI file 'c:/mentorgraphics\padsvx.2.3\sdd_home\standard\NetlistVerifyDefaults.ini'
DRC> Info : Reading Check definitions : 'c:/mentorgraphics\padsvx.2.3\sdd_home\standard\NetlistVerifyDefaults.ini' : OK
DRC> Reading GUI file 'c:/mentorgraphics\padsvx.2.3\sdd_home\standard\NetlistVerifyDefaults.ini'
ICDB server [info]: Starting [SymbolUpdate] backup process
ICDB server [info]: [Symbol Update] backup of size [651.1 kB] created successfully in location [F:\CAPV\OneDrive\Proyectos\Manicato Group\Smart-HVAC\MG-Smart-HVAC\MG-Smart-HVAC\Smart-HVAC_netlist\ProjectBackup\backups\2018-04-14 01.48.36 - symUpd.zip]
DRC> Info : Reading Check definitions : 'c:/mentorgraphics\padsvx.2.3\sdd_home\standard\NetlistVerifyDefaults.ini' : OK
DRC> Reading GUI file 'c:/mentorgraphics\padsvx.2.3\sdd_home\standard\NetlistVerifyDefaults.ini'
ICDB server [info]: Starting [Autosave] backup process
ICDB server [info]: [AutoSave] backup of size [651.8 kB] created successfully in location [F:\CAPV\OneDrive\Proyectos\Manicato Group\Smart-HVAC\MG-Smart-HVAC\MG-Smart-HVAC\Smart-HVAC_netlist\ProjectBackup\backups\2018-04-14 03.47.37 - auto.zip]
ICDB server [critical]: Server stopping: Requesting emergency server stop: System goes to SLEEP<!#!><severity>3</severity>
DRC> Info : Reading Check definitions : 'c:/mentorgraphics\padsvx.2.3\sdd_home\standard\NetlistVerifyDefaults.ini' : OK
DRC> Reading GUI file 'c:/mentorgraphics\padsvx.2.3\sdd_home\standard\NetlistVerifyDefaults.ini'
DRC> Info : Reading Check definitions : 'c:/mentorgraphics\padsvx.2.3\sdd_home\standard\NetlistVerifyDefaults.ini' : OK
DRC> Reading GUI file 'c:/mentorgraphics\padsvx.2.3\sdd_home\standard\NetlistVerifyDefaults.ini'
ICDB server [info]: Starting [Autosave] backup process
ICDB server [info]: [AutoSave] backup of size [660.6 kB] created successfully in location [F:\CAPV\OneDrive\Proyectos\Manicato Group\Smart-HVAC\MG-Smart-HVAC\MG-Smart-HVAC\Smart-HVAC_netlist\ProjectBackup\backups\2018-04-14 23.08.24 - auto.zip]
DRC> Info : Reading Check definitions : 'c:/mentorgraphics\padsvx.2.3\sdd_home\standard\NetlistVerifyDefaults.ini' : OK
DRC> Reading GUI file 'c:/mentorgraphics\padsvx.2.3\sdd_home\standard\NetlistVerifyDefaults.ini'
DRC> Info : Reading Check definitions : 'c:/mentorgraphics\padsvx.2.3\sdd_home\standard\NetlistVerifyDefaults.ini' : OK
DRC> Reading GUI file 'c:/mentorgraphics\padsvx.2.3\sdd_home\standard\NetlistVerifyDefaults.ini'
DRC> Info : Reading Check definitions : 'c:/mentorgraphics\padsvx.2.3\sdd_home\standard\NetlistVerifyDefaults.ini' : OK
DRC> Reading GUI file 'c:/mentorgraphics\padsvx.2.3\sdd_home\standard\NetlistVerifyDefaults.ini'
ICDB server [info]: Starting [Autosave] backup process
ICDB server [info]: [AutoSave] backup of size [678.0 kB] created successfully in location [F:\CAPV\OneDrive\Proyectos\Manicato Group\Smart-HVAC\MG-Smart-HVAC\MG-Smart-HVAC\Smart-HVAC_netlist\ProjectBackup\backups\2018-04-15 03.08.24 - auto.zip]
ICDB server [critical]: Server stopping: Requesting emergency server stop: System goes to SLEEP<!#!><severity>3</severity>
DRC> Info : Reading Check definitions : 'c:/mentorgraphics\padsvx.2.3\sdd_home\standard\NetlistVerifyDefaults.ini' : OK
DRC> Reading GUI file 'c:/mentorgraphics\padsvx.2.3\sdd_home\standard\NetlistVerifyDefaults.ini'
DRC> Info : Reading Check definitions : 'c:/mentorgraphics\padsvx.2.3\sdd_home\standard\NetlistVerifyDefaults.ini' : OK
DRC> Reading GUI file 'c:/mentorgraphics\padsvx.2.3\sdd_home\standard\NetlistVerifyDefaults.ini'
ICDB server [info]: Starting [SymbolUpdate] backup process
ICDB server [info]: [Symbol Update] backup of size [687.6 kB] created successfully in location [F:\CAPV\OneDrive\Proyectos\Manicato Group\Smart-HVAC\MG-Smart-HVAC\MG-Smart-HVAC\Smart-HVAC_netlist\ProjectBackup\backups\2018-04-15 13.34.07 - symUpd.zip]
ICDB server [info]: Starting [SymbolUpdate] backup process
ICDB server [info]: [Symbol Update] backup of size [687.7 kB] created successfully in location [F:\CAPV\OneDrive\Proyectos\Manicato Group\Smart-HVAC\MG-Smart-HVAC\MG-Smart-HVAC\Smart-HVAC_netlist\ProjectBackup\backups\2018-04-15 13.40.53 - symUpd.zip]
DRC> Info : Reading Check definitions : 'c:/mentorgraphics\padsvx.2.3\sdd_home\standard\NetlistVerifyDefaults.ini' : OK
DRC> Reading GUI file 'c:/mentorgraphics\padsvx.2.3\sdd_home\standard\NetlistVerifyDefaults.ini'
ICDB server [info]: Starting [SymbolUpdate] backup process
ICDB server [info]: [Symbol Update] backup of size [691.6 kB] created successfully in location [F:\CAPV\OneDrive\Proyectos\Manicato Group\Smart-HVAC\MG-Smart-HVAC\MG-Smart-HVAC\Smart-HVAC_netlist\ProjectBackup\backups\2018-04-15 14.16.57 - symUpd.zip]
ICDB server [info]: Starting [Autosave] backup process
ICDB server [info]: [AutoSave] backup of size [691.9 kB] created successfully in location [F:\CAPV\OneDrive\Proyectos\Manicato Group\Smart-HVAC\MG-Smart-HVAC\MG-Smart-HVAC\Smart-HVAC_netlist\ProjectBackup\backups\2018-04-15 14.17.08 - auto.zip]
DRC> Info : Reading Check definitions : 'c:/mentorgraphics\padsvx.2.3\sdd_home\standard\NetlistVerifyDefaults.ini' : OK
DRC> Reading GUI file 'c:/mentorgraphics\padsvx.2.3\sdd_home\standard\NetlistVerifyDefaults.ini'
ICDB server [info]: Starting [Autosave] backup process
ICDB server [info]: [AutoSave] backup of size [692.7 kB] created successfully in location [F:\CAPV\OneDrive\Proyectos\Manicato Group\Smart-HVAC\MG-Smart-HVAC\MG-Smart-HVAC\Smart-HVAC_netlist\ProjectBackup\backups\2018-04-15 18.17.08 - auto.zip]
DRC> Info : Reading Check definitions : 'c:/mentorgraphics\padsvx.2.3\sdd_home\standard\NetlistVerifyDefaults.ini' : OK
DRC> Reading GUI file 'c:/mentorgraphics\padsvx.2.3\sdd_home\standard\NetlistVerifyDefaults.ini'
ICDB server [info]: Starting [SymbolUpdate] backup process
ICDB server [info]: [Symbol Update] backup of size [693.3 kB] created successfully in location [F:\CAPV\OneDrive\Proyectos\Manicato Group\Smart-HVAC\MG-Smart-HVAC\MG-Smart-HVAC\Smart-HVAC_netlist\ProjectBackup\backups\2018-04-15 18.36.33 - symUpd.zip]
DRC> Info : Reading Check definitions : 'c:/mentorgraphics\padsvx.2.3\sdd_home\standard\NetlistVerifyDefaults.ini' : OK
DRC> Reading GUI file 'c:/mentorgraphics\padsvx.2.3\sdd_home\standard\NetlistVerifyDefaults.ini'
DRC> Info : Reading Check definitions : 'c:/mentorgraphics\padsvx.2.3\sdd_home\standard\NetlistVerifyDefaults.ini' : OK
DRC> Reading GUI file 'c:/mentorgraphics\padsvx.2.3\sdd_home\standard\NetlistVerifyDefaults.ini'
DRC> Info : Reading Check definitions : 'c:/mentorgraphics\padsvx.2.3\sdd_home\standard\NetlistVerifyDefaults.ini' : OK
DRC> Reading GUI file 'c:/mentorgraphics\padsvx.2.3\sdd_home\standard\NetlistVerifyDefaults.ini'
DRC> Info : Reading Check definitions : 'c:/mentorgraphics\padsvx.2.3\sdd_home\standard\NetlistVerifyDefaults.ini' : OK
DRC> Reading GUI file 'c:/mentorgraphics\padsvx.2.3\sdd_home\standard\NetlistVerifyDefaults.ini'
Properties> This property is not defined. Please define the property before editing.
Loading IPL... c:/mentorgraphics/padsvx.2.3/sdd_home/standard/templates/dxdesigner/netlist\PartsListerDefaults.ipl
IPL load successful.
Saving IPL... F:\CAPV\OneDrive\Proyectos\Manicato Group\Smart-HVAC\MG-Smart-HVAC\MG-Smart-HVAC\Smart-HVAC_netlist\PartsListerDefaults.ipl
IPL save successful.
ICDB server [critical]: Server stopping: Requesting emergency server stop: System goes to SLEEP<!#!><severity>3</severity>
ICDB server [critical]: Server stopping: Requesting emergency server stop: System goes to SLEEP<!#!><severity>3</severity>
ICDB server [info]: Starting [Autosave] backup process
ICDB server [info]: [AutoSave] backup of size [459.7 kB] created successfully in location [F:\CAPV\OneDrive\Proyectos\Manicato Group\Smart-HVAC\MG-Smart-HVAC\MG-Smart-HVAC\Smart-HVAC_netlist\ProjectBackup\backups\2018-05-17 17.07.32 - auto.zip]
ICDB server [info]: Starting [Autosave] backup process
ICDB server [info]: [AutoSave] backup of size [459.5 kB] created successfully in location [F:\CAPV\OneDrive\Proyectos\Manicato Group\Smart-HVAC\MG-Smart-HVAC\MG-Smart-HVAC\Smart-HVAC_netlist\ProjectBackup\backups\2018-05-23 09.56.04 - auto.zip]
ICDB server [critical]: Server stopping: Requesting emergency server stop: System goes to SLEEP<!#!><severity>3</severity>
ICDB server [critical]: Server stopping: Requesting emergency server stop: System goes to SLEEP<!#!><severity>3</severity>
ICDB server [info]: [AutoSave] backup of size [308.0 kB] created successfully in location [\\MG-STUDIO\Users\Carlos Pichardo\OneDrive\Proyectos Manicato Group\1 - Manicato Group\110 - Smart-HVAC\MG-Smart-HVAC\MG-Smart-HVAC\Smart-HVAC_netlist\ProjectBackup\backups\2018-12-27 13.55.20 - auto.zip]
ICDB server [info]: Starting [Autosave] backup process
ICDB server [info]: [AutoSave] backup of size [310.2 kB] created successfully in location [\\MG-STUDIO\Users\Carlos Pichardo\OneDrive\Proyectos Manicato Group\1 - Manicato Group\110 - Smart-HVAC\MG-Smart-HVAC\MG-Smart-HVAC\Smart-HVAC_netlist\ProjectBackup\backups\2018-12-27 17.55.20 - auto.zip]
ICDB server [info]: [AutoSave] backup of size [302.8 kB] created successfully in location [\\MG-CEO\Users\Carlos Pichardo\OneDrive\Proyectos Manicato Group\1 - Manicato Group\110 - Smart-HVAC\MG-Smart-HVAC\MG-Smart-HVAC\Smart-HVAC_netlist\ProjectBackup\backups\2019-02-22 17.30.59 - auto.zip]
ICDB server [info]: [AutoSave] backup of size [309.8 kB] created successfully in location [C:\Users\Carlos Pichardo\OneDrive\Proyectos Manicato Group\1 - Manicato Group\110 - Smart-HVAC\MG-Smart-HVAC\MG-Smart-HVAC\Smart-HVAC_netlist\ProjectBackup\backups\2019-11-11 14.34.36 - auto.zip]
ICDB server [info]: Starting [Autosave] backup process
ICDB server [info]: [AutoSave] backup of size [312.0 kB] created successfully in location [C:\Users\Carlos Pichardo\OneDrive\Proyectos Manicato Group\1 - Manicato Group\110 - Smart-HVAC\MG-Smart-HVAC\MG-Smart-HVAC\Smart-HVAC_netlist\ProjectBackup\backups\2019-11-11 18.34.36 - auto.zip]
ICDB server [info]: [AutoSave] backup of size [311.2 kB] created successfully in location [C:\Users\Carlos Pichardo\OneDrive\Proyectos Manicato Group\1 - Manicato Group\110 - Smart-HVAC\MG-Smart-HVAC\MG-Smart-HVAC\Smart-HVAC_netlist\ProjectBackup\backups\2020-02-03 21.06.18 - auto.zip]
ICDB server [info]: [AutoSave] backup of size [311.8 kB] created successfully in location [C:\Users\Carlos Pichardo\OneDrive\Proyectos Manicato Group\1 - Manicato Group\110 - Smart-HVAC\MG-Smart-HVAC\MG-Smart-HVAC\Smart-HVAC_netlist\ProjectBackup\backups\2020-02-08 03.20.35 - auto.zip]
ICDB server [info]: [AutoSave] backup of size [309.0 kB] created successfully in location [C:\Users\Carlos Pichardo\OneDrive\Proyectos Manicato Group\1 - Manicato Group\110 - Smart-HVAC\MG-Smart-HVAC\MG-Smart-HVAC\Smart-HVAC_netlist\ProjectBackup\backups\2020-02-12 02.00.19 - auto.zip]
ICDB server [info]: Starting [Autosave] backup process
ICDB server [info]: [AutoSave] backup of size [309.9 kB] created successfully in location [C:\Users\Carlos Pichardo\OneDrive\Proyectos Manicato Group\1 - Manicato Group\110 - Smart-HVAC\MG-Smart-HVAC\MG-Smart-HVAC\Smart-HVAC_netlist\ProjectBackup\backups\2020-02-12 06.00.19 - auto.zip]
ICDB server [critical]: Server stopping: Requesting emergency server stop: System goes to SLEEP<!#!><severity>3</severity>
ICDB server [info]: [AutoSave] backup of size [313.4 kB] created successfully in location [C:\Users\Carlos Pichardo\OneDrive\Proyectos Manicato Group\1 - Manicato Group\110 - Smart-HVAC\MG-Smart-HVAC\MG-Smart-HVAC\Smart-HVAC_netlist\ProjectBackup\backups\2020-02-12 12.43.59 - auto.zip]
ICDB server [info]: Starting [Autosave] backup process
ICDB server [info]: [AutoSave] backup of size [316.3 kB] created successfully in location [C:\Users\Carlos Pichardo\OneDrive\Proyectos Manicato Group\1 - Manicato Group\110 - Smart-HVAC\MG-Smart-HVAC\MG-Smart-HVAC\Smart-HVAC_netlist\ProjectBackup\backups\2020-02-12 16.43.59 - auto.zip]
ICDB server [critical]: Server stopping: Requesting emergency server stop: System goes to SLEEP<!#!><severity>3</severity>
ICDB server [critical]: Server stopping: Requesting emergency server stop: System goes to SLEEP<!#!><severity>3</severity>
ICDB server [info]: [AutoSave] backup of size [318.3 kB] created successfully in location [C:\Users\Carlos Pichardo\OneDrive\Proyectos Manicato Group\1 - Manicato Group\110 - Smart-HVAC\MG-Smart-HVAC\MG-Smart-HVAC\Smart-HVAC_netlist\ProjectBackup\backups\2020-02-14 00.58.12 - auto.zip]
ICDB server [info]: Starting [Autosave] backup process
ICDB server [info]: [AutoSave] backup of size [319.9 kB] created successfully in location [C:\Users\Carlos Pichardo\OneDrive\Proyectos Manicato Group\1 - Manicato Group\110 - Smart-HVAC\MG-Smart-HVAC\MG-Smart-HVAC\Smart-HVAC_netlist\ProjectBackup\backups\2020-02-14 04.58.12 - auto.zip]
ICDB server [info]: [AutoSave] backup of size [319.6 kB] created successfully in location [C:\Users\Carlos Pichardo\OneDrive\Proyectos Manicato Group\1 - Manicato Group\110 - Smart-HVAC\MG-Smart-HVAC\MG-Smart-HVAC\Smart-HVAC_netlist\ProjectBackup\backups\2020-02-21 13.28.04 - auto.zip]
ICDB server [info]: Starting [Autosave] backup process
ICDB server [info]: [AutoSave] backup of size [320.5 kB] created successfully in location [C:\Users\Carlos Pichardo\OneDrive\Proyectos Manicato Group\1 - Manicato Group\110 - Smart-HVAC\MG-Smart-HVAC\MG-Smart-HVAC\Smart-HVAC_netlist\ProjectBackup\backups\2020-02-21 17.28.04 - auto.zip]
ICDB server [info]: Starting [Autosave] backup process
ICDB server [info]: [AutoSave] backup of size [319.4 kB] created successfully in location [C:\Users\Carlos Pichardo\OneDrive\Proyectos Manicato Group\1 - Manicato Group\110 - Smart-HVAC\MG-Smart-HVAC\MG-Smart-HVAC\Smart-HVAC_netlist\ProjectBackup\backups\2020-02-21 21.28.04 - auto.zip]
ICDB server [info]: [AutoSave] backup of size [319.3 kB] created successfully in location [C:\Users\Carlos Pichardo\OneDrive\Proyectos Manicato Group\1 - Manicato Group\110 - Smart-HVAC\MG-Smart-HVAC\MG-Smart-HVAC\Smart-HVAC_netlist\ProjectBackup\backups\2020-02-22 20.47.30 - auto.zip]
ICDB server [info]: Starting [Autosave] backup process
ICDB server [info]: [AutoSave] backup of size [320.3 kB] created successfully in location [C:\Users\Carlos Pichardo\OneDrive\Proyectos Manicato Group\1 - Manicato Group\110 - Smart-HVAC\MG-Smart-HVAC\MG-Smart-HVAC\Smart-HVAC_netlist\ProjectBackup\backups\2020-02-23 00.47.30 - auto.zip]
ICDB server [critical]: Server stopping: Requesting emergency server stop: System goes to SLEEP<!#!><severity>3</severity>
ICDB server [info]: [AutoSave] backup of size [322.1 kB] created successfully in location [C:\Users\Carlos Pichardo\OneDrive\Proyectos Manicato Group\1 - Manicato Group\110 - Smart-HVAC\MG-Smart-HVAC\MG-Smart-HVAC\Smart-HVAC_netlist\ProjectBackup\backups\2020-02-23 15.14.01 - auto.zip]
ICDB server [critical]: Server stopping: Requesting emergency server stop: System goes to SLEEP<!#!><severity>3</severity>
<p>Data Source: "Parametric Data:Circuit_Protection" needs your attention. <a href="handler:Search-DSRepairer(Parametric Data:Circuit_Protection)" onClick="window.external.OnLinkClick(this);"><b>Click here...</b></a></p><!#!><raw_html>RAW_HTML</raw_html><scroll>SCROLL_END</scroll>
<p>Data Source: "Parametric Data:Capacitor" needs your attention. <a href="handler:Search-DSRepairer(Parametric Data:Capacitor)" onClick="window.external.OnLinkClick(this);"><b>Click here...</b></a></p><!#!><raw_html>RAW_HTML</raw_html><scroll>SCROLL_END</scroll>
<p>Data Source: "Parametric Data:Connector" needs your attention. <a href="handler:Search-DSRepairer(Parametric Data:Connector)" onClick="window.external.OnLinkClick(this);"><b>Click here...</b></a></p><!#!><raw_html>RAW_HTML</raw_html><scroll>SCROLL_END</scroll>
<p>Data Source: "Parametric Data:Display" needs your attention. <a href="handler:Search-DSRepairer(Parametric Data:Display)" onClick="window.external.OnLinkClick(this);"><b>Click here...</b></a></p><!#!><raw_html>RAW_HTML</raw_html><scroll>SCROLL_END</scroll>
<p>Data Source: "Parametric Data:Transistor" needs your attention. <a href="handler:Search-DSRepairer(Parametric Data:Transistor)" onClick="window.external.OnLinkClick(this);"><b>Click here...</b></a></p><!#!><raw_html>RAW_HTML</raw_html><scroll>SCROLL_END</scroll>
<p>Data Source: "Parametric Data:Resistor" needs your attention. <a href="handler:Search-DSRepairer(Parametric Data:Resistor)" onClick="window.external.OnLinkClick(this);"><b>Click here...</b></a></p><!#!><raw_html>RAW_HTML</raw_html><scroll>SCROLL_END</scroll>
<p>Data Source: "Parametric Data:IC" needs your attention. <a href="handler:Search-DSRepairer(Parametric Data:IC)" onClick="window.external.OnLinkClick(this);"><b>Click here...</b></a></p><!#!><raw_html>RAW_HTML</raw_html><scroll>SCROLL_END</scroll>
<p>Data Source: "Parametric Data:Inductor" needs your attention. <a href="handler:Search-DSRepairer(Parametric Data:Inductor)" onClick="window.external.OnLinkClick(this);"><b>Click here...</b></a></p><!#!><raw_html>RAW_HTML</raw_html><scroll>SCROLL_END</scroll>
<p>Data Source: "Parametric Data:Diode" needs your attention. <a href="handler:Search-DSRepairer(Parametric Data:Diode)" onClick="window.external.OnLinkClick(this);"><b>Click here...</b></a></p><!#!><raw_html>RAW_HTML</raw_html><scroll>SCROLL_END</scroll>
<p>Data Source: "Parametric Data:Oscillator" needs your attention. <a href="handler:Search-DSRepairer(Parametric Data:Oscillator)" onClick="window.external.OnLinkClick(this);"><b>Click here...</b></a></p><!#!><raw_html>RAW_HTML</raw_html><scroll>SCROLL_END</scroll>
ICDB server [info]: [AutoSave] backup of size [328.6 kB] created successfully in location [C:\DATA\Proyectos\Manicato Group\1 - Manicato Group\110 - Smart-HVAC\MG-Smart-HVAC\MG-Smart-HVAC\Smart-HVAC_netlist\ProjectBackup\backups\2020-03-14 17.09.58 - auto.zip]
<p>Data Source: "Parametric Data:Resistor_PQ" needs your attention. <a href="handler:Search-DSRepairer(Parametric Data:Resistor_PQ)" onClick="window.external.OnLinkClick(this);"><b>Click here...</b></a></p><!#!><raw_html>RAW_HTML</raw_html><scroll>SCROLL_END</scroll>
<p>Data Source: "Parametric Data:Leds_PQ" needs your attention. <a href="handler:Search-DSRepairer(Parametric Data:Leds_PQ)" onClick="window.external.OnLinkClick(this);"><b>Click here...</b></a></p><!#!><raw_html>RAW_HTML</raw_html><scroll>SCROLL_END</scroll>
ICDB server [info]: [AutoSave] backup of size [331.2 kB] created successfully in location [C:\DATA\Proyectos\Manicato Group\1 - Manicato Group\110 - Smart-HVAC\MG-Smart-HVAC\MG-Smart-HVAC\Smart-HVAC_netlist\ProjectBackup\backups\2020-04-17 16.59.26 - auto.zip]
ICDB server [info]: Starting [SymbolUpdate] backup process
ICDB server [info]: [Symbol Update] backup of size [334.4 kB] created successfully in location [C:\DATA\Proyectos\Manicato Group\1 - Manicato Group\110 - Smart-HVAC\MG-Smart-HVAC\MG-Smart-HVAC\Smart-HVAC_netlist\ProjectBackup\backups\2020-04-17 16.59.55 - symUpd.zip]
ICDB server [info]: Starting [Autosave] backup process
ICDB server [info]: [AutoSave] backup of size [334.8 kB] created successfully in location [C:\DATA\Proyectos\Manicato Group\1 - Manicato Group\110 - Smart-HVAC\MG-Smart-HVAC\MG-Smart-HVAC\Smart-HVAC_netlist\ProjectBackup\backups\2020-04-17 20.59.26 - auto.zip]
ICDB server [critical]: Server stopping: Requesting emergency server stop: System goes to SLEEP<!#!><severity>3</severity>
ICDB server [info]: Starting [Autosave] backup process
ICDB server [info]: [AutoSave] backup of size [337.9 kB] created successfully in location [C:\DATA\Proyectos\Manicato Group\1 - Manicato Group\110 - Smart-HVAC\MG-Smart-HVAC\MG-Smart-HVAC\Smart-HVAC_netlist\ProjectBackup\backups\2020-04-18 00.59.26 - auto.zip]
ICDB server [critical]: Server stopping: Requesting emergency server stop: System goes to SLEEP<!#!><severity>3</severity>
ICDB server [info]: [AutoSave] backup of size [337.0 kB] created successfully in location [C:\DATA\Proyectos\Manicato Group\1 - Manicato Group\110 - Smart-HVAC\MG-Smart-HVAC\MG-Smart-HVAC\Smart-HVAC_netlist\ProjectBackup\backups\2020-04-20 20.08.18 - auto.zip]
ICDB server [info]: Starting [Autosave] backup process
ICDB server [info]: [AutoSave] backup of size [335.4 kB] created successfully in location [C:\DATA\Proyectos\Manicato Group\1 - Manicato Group\110 - Smart-HVAC\MG-Smart-HVAC\MG-Smart-HVAC\Smart-HVAC_netlist\ProjectBackup\backups\2020-05-06 21.33.59 - auto.zip]
ICDB server [info]: [AutoSave] backup of size [333.8 kB] created successfully in location [C:\DATA\Proyectos\Manicato Group\1 - Manicato Group\110 - Smart-HVAC\MG-Smart-HVAC\MG-Smart-HVAC\Smart-HVAC_netlist\ProjectBackup\backups\2021-02-22 21.07.01 - auto.zip]
Properties> This property is not defined. Please define the property before editing.
Properties> This property is not defined. Please define the property before editing.
DRC> Info : Reading Check definitions : 'c:/mentorgraphics\padsvx.2.7\sdd_home\standard\NetlistVerifyDefaults.ini' : OK
DRC> Reading GUI file 'c:/mentorgraphics\padsvx.2.7\sdd_home\standard\NetlistVerifyDefaults.ini'
ICDB server [info]: [AutoSave] backup of size [331.9 kB] created successfully in location [C:\DATA\Proyectos\Manicato Group\1 - Manicato Group\110 - Smart-HVAC\MG-Smart-HVAC\MG-Smart-HVAC\Smart-HVAC_netlist\ProjectBackup\backups\2021-02-23 12.31.02 - auto.zip]
ICDB server [info]: Starting [SymbolUpdate] backup process
ICDB server [info]: [Symbol Update] backup of size [549.4 kB] created successfully in location [C:\DATA\Proyectos\Manicato Group\1 - Manicato Group\110 - Smart-HVAC\MG-Smart-HVAC\MG-Smart-HVAC\Smart-HVAC_netlist\ProjectBackup\backups\2021-02-23 14.52.52 - symUpd.zip]
Loading IPL... c:/mentorgraphics/padsvx.2.7/sdd_home/standard/templates/dxdesigner/netlist\PartsListerDefaults.ipl
IPL load successful.
Loading IPL... C:\DATA\Proyectos\Manicato Group\1 - Manicato Group\110 - Smart-HVAC\MG-Smart-HVAC\MG-Smart-HVAC\Smart-HVAC_netlist\PartsListerDefaults.ipl
IPL load successful.
ICDB server [info]: Starting [Autosave] backup process
ICDB server [info]: [AutoSave] backup of size [550.4 kB] created successfully in location [C:\DATA\Proyectos\Manicato Group\1 - Manicato Group\110 - Smart-HVAC\MG-Smart-HVAC\MG-Smart-HVAC\Smart-HVAC_netlist\ProjectBackup\backups\2021-02-23 16.31.02 - auto.zip]
ICDB server [info]: [AutoSave] backup of size [549.9 kB] created successfully in location [C:\DATA\Proyectos\Manicato Group\1 - Manicato Group\110 - Smart-HVAC\MG-Smart-HVAC\MG-Smart-HVAC\Smart-HVAC_netlist\ProjectBackup\backups\2021-03-01 19.02.54 - auto.zip]
ICDB server [info]: Starting [Autosave] backup process
ICDB server [info]: [AutoSave] backup of size [549.7 kB] created successfully in location [C:\DATA\Proyectos\Manicato Group\1 - Manicato Group\110 - Smart-HVAC\MG-Smart-HVAC\MG-Smart-HVAC\Smart-HVAC_netlist\ProjectBackup\backups\2021-03-01 23.02.54 - auto.zip]
ICDB server [info]: [AutoSave] backup of size [548.9 kB] created successfully in location [C:\DATA\Proyectos\Manicato Group\1 - Manicato Group\110 - Smart-HVAC\MG-Smart-HVAC\MG-Smart-HVAC\Smart-HVAC_netlist\ProjectBackup\backups\2021-03-08 18.15.53 - auto.zip]
ICDB server [info]: [AutoSave] backup of size [542.7 kB] created successfully in location [C:\DATA\Proyectos\Manicato Group\1 - Manicato Group\110 - Smart-HVAC\MG-Smart-HVAC\MG-Smart-HVAC\Smart-HVAC_netlist\ProjectBackup\backups\2021-03-15 18.11.03 - auto.zip]
This symbol represents a Global Signal and cannot be named. To change the signal assignment modify the Global Signal Name property.
ICDB server [info]: [AutoSave] backup of size [542.1 kB] created successfully in location [C:\DATA\Proyectos\Manicato Group\1 - Manicato Group\110 - Smart-HVAC\MG-Smart-HVAC\MG-Smart-HVAC\Smart-HVAC_netlist\ProjectBackup\backups\2021-03-16 17.11.07 - auto.zip]
