** ECO In Report **

Mon Mar 29 21:08:43 2021

Input  File : C:\Users\losin\Desktop\p1\Schematic1.eco
Current Job : PCB.pcb



Line 15 , Section *DEL_ATTRIBUTE*
"STATUS"
* WARNING: Processing command to delete attribute "STATUS" from Component K1.
*          The attribute is also inherited from Decal RLY_AZ921.
*          The change is not fully reconciled for cases where the schematic
*          does not support hierarchical attributes.

Line 16 , Section *DEL_ATTRIBUTE*
"TIMESTAMP"
* WARNING: Processing command to delete attribute "TIMESTAMP" from Component K1.
*          The attribute is also inherited from Decal RLY_AZ921.
*          The change is not fully reconciled for cases where the schematic
*          does not support hierarchical attributes.

Line 19 , Section *DEL_ATTRIBUTE*
"STATUS"
* WARNING: Processing command to delete attribute "STATUS" from Component K2.
*          The attribute is also inherited from Decal RLY_AZ921.
*          The change is not fully reconciled for cases where the schematic
*          does not support hierarchical attributes.

Line 20 , Section *DEL_ATTRIBUTE*
"TIMESTAMP"
* WARNING: Processing command to delete attribute "TIMESTAMP" from Component K2.
*          The attribute is also inherited from Decal RLY_AZ921.
*          The change is not fully reconciled for cases where the schematic
*          does not support hierarchical attributes.

Line 23 , Section *DEL_ATTRIBUTE*
"STATUS"
* WARNING: Processing command to delete attribute "STATUS" from Component K3.
*          The attribute is also inherited from Decal RLY_AZ921.
*          The change is not fully reconciled for cases where the schematic
*          does not support hierarchical attributes.

Line 24 , Section *DEL_ATTRIBUTE*
"TIMESTAMP"
* WARNING: Processing command to delete attribute "TIMESTAMP" from Component K3.
*          The attribute is also inherited from Decal RLY_AZ921.
*          The change is not fully reconciled for cases where the schematic
*          does not support hierarchical attributes.

Line 27 , Section *DEL_ATTRIBUTE*
"STATUS"
* WARNING: Processing command to delete attribute "STATUS" from Component K4.
*          The attribute is also inherited from Decal RLY_AZ921.
*          The change is not fully reconciled for cases where the schematic
*          does not support hierarchical attributes.

Line 28 , Section *DEL_ATTRIBUTE*
"TIMESTAMP"
* WARNING: Processing command to delete attribute "TIMESTAMP" from Component K4.
*          The attribute is also inherited from Decal RLY_AZ921.
*          The change is not fully reconciled for cases where the schematic
*          does not support hierarchical attributes.

Line 31 , Section *DEL_ATTRIBUTE*
"STATUS"
* WARNING: Processing command to delete attribute "STATUS" from Component K5.
*          The attribute is also inherited from Decal RLY_AZ921.
*          The change is not fully reconciled for cases where the schematic
*          does not support hierarchical attributes.

Line 32 , Section *DEL_ATTRIBUTE*
"TIMESTAMP"
* WARNING: Processing command to delete attribute "TIMESTAMP" from Component K5.
*          The attribute is also inherited from Decal RLY_AZ921.
*          The change is not fully reconciled for cases where the schematic
*          does not support hierarchical attributes.
