Generating 3D model for part CAPACITOR_0805_2584229833.
	*Warning: No mapping for cell/part CAPACITOR_0805_2584229833
Generating 3D model for part TEST_POINT_STD_3605249417.
	*Warning: No mapping for cell/part TEST_POINT_STD_3605249417
Generating 3D model for part RES_SMD_0805_3822772437.
	*Warning: No mapping for cell/part RES_SMD_0805_3822772437
Generating 3D model for part RESISTOR_3822772437.
	*Warning: No mapping for cell/part RESISTOR_3822772437
Generating 3D model for part SN65HVD3085ED_RS485_8SMD_5V_2093926747.
	*Warning: No mapping for cell/part SN65HVD3085ED_RS485_8SMD_5V_2093926747
Generating 3D model for part ULN2003A_SOIC16_987668402.
	*Warning: No mapping for cell/part ULN2003A_SOIC16_987668402
Generating 3D model for part CAP_NP_1335179962.
	*Warning: No mapping for cell/part CAP_NP_1335179962
Generating 3D model for part TVS_3661023528.
	*Warning: No mapping for cell/part TVS_3661023528
Generating 3D model for part CAP_POL_4160620938.
	*Warning: No mapping for cell/part CAP_POL_4160620938
Generating 3D model for part AZ921_1119175403.
	*Warning: No mapping for cell/part AZ921_1119175403
Generating 3D model for part SM712_338975439.
	*Warning: No mapping for cell/part SM712_338975439
Generating 3D model for part PUSH_BOTTON_743956518.
	*Warning: No mapping for cell/part PUSH_BOTTON_743956518
Generating 3D model for part FUSE-STD_1636200822.
	*Warning: No mapping for cell/part FUSE-STD_1636200822
Generating 3D model for part HLK-PM12_2299032253.
	*Warning: No mapping for cell/part HLK-PM12_2299032253
Generating 3D model for part LED_SMD_RED_1073929674.
	*Warning: No mapping for cell/part LED_SMD_RED_1073929674
Generating 3D model for part TVS_777883024.
	*Warning: No mapping for cell/part TVS_777883024
Generating 3D model for part FODM2705_1941000537.
	*Warning: No mapping for cell/part FODM2705_1941000537
Generating 3D model for part XTAL_8MHZ_HC49S_3595168900.
	*Warning: No mapping for cell/part XTAL_8MHZ_HC49S_3595168900
Generating 3D model for part BDM_6PIN_3652012210.
	*Warning: No mapping for cell/part BDM_6PIN_3652012210
Generating 3D model for part MKE04Z128VLD4_3364387363.
	*Warning: No mapping for cell/part MKE04Z128VLD4_3364387363
Generating 3D model for part DIP_SW4_95438122.
	*Warning: No mapping for cell/part DIP_SW4_95438122
Generating 3D model for part SMBJ12CA_3770786883.
	*Warning: No mapping for cell/part SMBJ12CA_3770786883
Generating 3D model for part P10V275_245988845.
	*Warning: No mapping for cell/part P10V275_245988845
Generating 3D model for part PY-TB2EDGCR-5_0-2P_322900142.
	*Warning: No mapping for cell/part PY-TB2EDGCR-5_0-2P_322900142
Generating 3D model for part PY-TB2EDGCR-5_0-3P_1427848528.
	*Warning: No mapping for cell/part PY-TB2EDGCR-5_0-3P_1427848528
Generating 3D model for part PY-TB2EDGCR-5_0-8P_248514484.
	*Warning: No mapping for cell/part PY-TB2EDGCR-5_0-8P_248514484
Generating 3D model for part TD521D485H-E_3135050693.
	*Warning: No mapping for cell/part TD521D485H-E_3135050693
Generating 3D model for part FUSE1206_3513544701.
	*Warning: No mapping for cell/part FUSE1206_3513544701
Generating 3D model for part MC7805_TO220-UP_3007454105.
	*Warning: No mapping for cell/part MC7805_TO220-UP_3007454105
Generating 3D model for part RESISTOR_SMD_1206_2352771035.
	*Warning: No mapping for cell/part RESISTOR_SMD_1206_2352771035
Generating 3D model for part B0505S-W2R2_2032855355.
	*Warning: No mapping for cell/part B0505S-W2R2_2032855355
Generating 3D model for part DIP_SW8_1097474576.
	*Warning: No mapping for cell/part DIP_SW8_1097474576
Generating 3D model for part FUSE-STD_3513544701.
	*Warning: No mapping for cell/part FUSE-STD_3513544701
Generating 3D model for part HEADER_POL_3X2_3652012210.
	*Warning: No mapping for cell/part HEADER_POL_3X2_3652012210
Generating 3D model for part HOLE_VICTORIA_4_5MM_1929028708.
	*Warning: No mapping for cell/part HOLE_VICTORIA_4_5MM_1929028708
